{"level":"INFO","message":"[5:40:43.274 PM]: Creating new connection object"}
{"level":"INFO","message":"[5:40:43.281 PM]: Creating Connection[id: d1b68b98-b9b9-46bf-b0ee-6c3f039729e4] with host: TA48442-VP79329.snowflakecomputing.com, account: TA48442-VP79329, accessUrl: https://TA48442-VP79329.snowflakecomputing.com, user: PBOSKOVIC@ATTENTIVEMOBILE.COM, role: SNOWFLAKE-ANALYST, database: ATTENTIVE, schema: CONCIERGE, warehouse: ENGBI_SVC_XL_WH, proxy was not configured, password is not provided, region: undefined, authenticator: EXTERNALBROWSER, ocsp mode: FAIL_OPEN, os: darwin, os version: 25.2.0"}
{"level":"INFO","message":"[5:40:43.281 PM]: Connection[id: d1b68b98-b9b9-46bf-b0ee-6c3f039729e4] additional details: passcode in password is provided, passcode is not provided, private key is not provided, application: undefined, client name: snowflake-sdk, client version: 2.3.4, retry timeout: 300, private key path: undefined, private key pass is not provided, client store temporary credential: false, browser response timeout: 120000"}
{"level":"INFO","message":"[5:40:43.281 PM]: Connection[id: d1b68b98-b9b9-46bf-b0ee-6c3f039729e4] - connection object created successfully."}
{"level":"INFO","message":"[5:40:43.282 PM]: Connection[id: d1b68b98-b9b9-46bf-b0ee-6c3f039729e4] - async connecting. Associated Snowflake domain: GLOBAL"}
{"level":"INFO","message":"[5:40:43.282 PM]: Trying to initialize Easy Logging"}
{"level":"INFO","message":"[5:40:43.283 PM]: No client config detected."}
{"level":"INFO","message":"[5:40:43.284 PM]: No config file path found. Client config will not be used."}
{"level":"INFO","message":"[5:40:43.284 PM]: Easy Logging is disabled as no config has been found"}
{"level":"INFO","message":"[5:40:47.054 PM]: Connection[id: d1b68b98-b9b9-46bf-b0ee-6c3f039729e4] - authentication successful using: EXTERNALBROWSER"}
{"level":"INFO","message":"[5:40:47.398 PM]: Connection[id: d1b68b98-b9b9-46bf-b0ee-6c3f039729e4] - connection established successfully after 4116.44 milliseconds"}
{"level":"INFO","message":"[6:08:37.645 PM]: Creating new connection object"}
{"level":"INFO","message":"[6:08:37.650 PM]: Creating Connection[id: 4aa611f5-89e0-4a76-a894-dc01c1d5be14] with host: TA48442-VP79329.snowflakecomputing.com, account: TA48442-VP79329, accessUrl: https://TA48442-VP79329.snowflakecomputing.com, user: PBOSKOVIC@ATTENTIVEMOBILE.COM, role: SNOWFLAKE-ANALYST, database: ATTENTIVE, schema: CONCIERGE, warehouse: ENGBI_SVC_XL_WH, proxy was not configured, password is not provided, region: undefined, authenticator: EXTERNALBROWSER, ocsp mode: FAIL_OPEN, os: darwin, os version: 25.2.0"}
{"level":"INFO","message":"[6:08:37.651 PM]: Connection[id: 4aa611f5-89e0-4a76-a894-dc01c1d5be14] additional details: passcode in password is provided, passcode is not provided, private key is not provided, application: undefined, client name: snowflake-sdk, client version: 2.3.4, retry timeout: 300, private key path: undefined, private key pass is not provided, client store temporary credential: false, browser response timeout: 120000"}
{"level":"INFO","message":"[6:08:37.651 PM]: Connection[id: 4aa611f5-89e0-4a76-a894-dc01c1d5be14] - connection object created successfully."}
{"level":"INFO","message":"[6:08:37.652 PM]: Connection[id: 4aa611f5-89e0-4a76-a894-dc01c1d5be14] - async connecting. Associated Snowflake domain: GLOBAL"}
{"level":"INFO","message":"[6:08:37.652 PM]: Trying to initialize Easy Logging"}
{"level":"INFO","message":"[6:08:37.654 PM]: No client config detected."}
{"level":"INFO","message":"[6:08:37.654 PM]: No config file path found. Client config will not be used."}
{"level":"INFO","message":"[6:08:37.654 PM]: Easy Logging is disabled as no config has been found"}
{"level":"INFO","message":"[6:08:41.174 PM]: Connection[id: 4aa611f5-89e0-4a76-a894-dc01c1d5be14] - authentication successful using: EXTERNALBROWSER"}
{"level":"INFO","message":"[6:08:41.650 PM]: Connection[id: 4aa611f5-89e0-4a76-a894-dc01c1d5be14] - connection established successfully after 3998.37 milliseconds"}
